{
  "RSpec": {
    "coverage": {
      "/Users/ianfleming/Documents/makers-week-4/afternoon-challenge/bookmarks-manager/spec/bookmark_spec.rb": {
        "lines": [
          1,
          null,
          1,
          2,
          1,
          1,
          null,
          null
        ]
      },
      "/Users/ianfleming/Documents/makers-week-4/afternoon-challenge/bookmarks-manager/lib/bookmark.rb": {
        "lines": [
          1,
          null,
          1,
          null,
          1,
          1,
          null,
          null,
          null
        ]
      },
      "/Users/ianfleming/Documents/makers-week-4/afternoon-challenge/bookmarks-manager/spec/bookmarkfolder_spec.rb": {
        "lines": [
          1,
          null,
          1,
          1,
          1,
          1,
          1,
          null,
          1,
          1,
          1,
          null,
          null,
          null
        ]
      },
      "/Users/ianfleming/Documents/makers-week-4/afternoon-challenge/bookmarks-manager/lib/bookmarkfolder.rb": {
        "lines": [
          1,
          null,
          1,
          null,
          null,
          null,
          1,
          1,
          null,
          null,
          1,
          0,
          null,
          null,
          1,
          null,
          1,
          null,
          1,
          null,
          1,
          3,
          null,
          null,
          null
        ]
      },
      "/Users/ianfleming/Documents/makers-week-4/afternoon-challenge/bookmarks-manager/spec/features/bookmark_route_spec.rb": {
        "lines": [
          1,
          1,
          1,
          1,
          null,
          null
        ]
      },
      "/Users/ianfleming/Documents/makers-week-4/afternoon-challenge/bookmarks-manager/spec/features/index_spec.rb": {
        "lines": [
          null,
          null,
          null,
          null,
          null,
          null
        ]
      }
    },
    "timestamp": 1607967791
  }
}
